 PATH path4528 FOUND 
SVG scale factor = 1.000000
SVG offset = 0.000000,0.000000
POLYGON  0)
Move (abs)	raw = 222.14,0.01	coord = 222.14,0.01
curve (abs)	raw = 143.54,78.42	coord = 143.54,78.42
Line (rel)	raw = -0.07,31.62	coord = 143.47,110.04
	raw = -17.12,0.98	coord = 126.35,111.03
	raw = -17.12,0.99	coord = 109.23,112.01
	raw = -0.95,25.10	coord = 108.28,137.11
	raw = -0.95,25.09	coord = 107.33,162.20
	raw = 17.25,0.99	coord = 124.59,163.19
	raw = 17.25,0.99	coord = 141.84,164.18
	raw = 0.86,106.88	coord = 142.70,271.07
	raw = 0.21,25.78	coord = 142.91,296.84
Horz (rel)	raw = 7.08,0.00	coord = 149.99,296.84
Vert (abs)	raw = 7.08,262.00	coord = 7.08,262.00
	raw = 156.03,0.00	coord = 156.03,0.00
Horz (rel)	raw = -17.93,0.00	coord = 138.10,0.00
	raw = -17.93,0.00	coord = 120.17,0.00
Vert (rel)	raw = 0.00,-17.93	coord = 120.17,-17.93
	raw = -17.93,0.00	coord = 102.23,-17.93
Horz (rel)	raw = 17.52,0.00	coord = 119.75,-17.93
	raw = 17.51,0.00	coord = 137.26,-17.93
Line (rel)	raw = 1.45,-35.17	coord = 138.71,-53.11
curve (rel)	raw = 24.67,-66.94	coord = 163.38,-120.04
	raw = 12.57,-7.23	coord = 175.95,-127.28
	raw = 55.12,-13.56	coord = 231.07,-140.84
	raw = 71.07,-10.57	coord = 302.14,-151.40
	raw = 11.14,2.09	coord = 313.28,-149.31
	raw = 11.25,2.29	coord = 324.53,-147.03
	raw = 11.25,19.27	coord = 335.78,-127.76
Vert (rel)	raw = 0.00,17.16	coord = 335.78,-110.60
Line (rel)	raw = -13.86,3.07	coord = 321.92,-107.52
curve (rel)	raw = -24.52,48.72	coord = 297.41,-58.80
Line (rel)	raw = 0.88,22.82	coord = 298.28,-35.98
	raw = 17.12,0.99	coord = 315.40,-34.99
	raw = 17.12,0.98	coord = 332.52,-34.01
Vert (rel)	raw = 0.00,17.59	coord = 332.52,-16.42
	raw = 17.59,0.00	coord = 350.11,-16.42
Line (rel)	raw = -17.12,0.99	coord = 332.99,-15.43
	raw = -17.12,0.98	coord = 315.88,-14.44
	raw = -0.86,105.16	coord = 315.02,90.71
	raw = -0.28,34.03	coord = 314.74,124.74
Horz (rel)	raw = 8.30,0.00	coord = 323.04,124.74
Line (rel)	raw = 0.22,-27.50	coord = 323.26,97.23
	raw = 0.86,-106.79	coord = 324.12,-9.55
Horz (rel)	raw = 18.03,0.00	coord = 342.14,-9.55
	raw = 18.03,0.00	coord = 360.17,-9.55
Line (rel)	raw = -0.95,-25.27	coord = 359.22,-34.82
	raw = -0.95,-25.27	coord = 358.26,-60.09
	raw = -17.12,-0.99	coord = 341.15,-61.08
	raw = -17.12,-0.98	coord = 324.03,-62.06
Vert (abs)	raw = -17.12,89.74	coord = -17.12,89.74
curve (rel)	raw = 20.98,-34.79	coord = 3.86,54.95
	raw = 15.47,0.00	coord = 19.33,54.95
	raw = 18.61,-5.66	coord = 37.95,49.29
	raw = 17.49,-31.50	coord = 55.43,17.80
Line (abs)	raw = 265.74,1.15	coord = 265.74,1.15
	raw = 234.77,0.18	coord = 234.77,0.18
curve (rel)	raw = -12.63,-0.17	coord = 222.14,0.01
End polygon at 222.14,0.01

 PATH path4539 FOUND 
SVG scale factor = 1.000000
SVG offset = 0.000000,0.000000
POLYGON  1)
Move (rel)	raw = 227.25,296.84	coord = 227.25,296.84
Horz (rel)	raw = -8.30,0.00	coord = 218.96,296.84
Line (rel)	raw = -0.58,71.13	coord = 218.37,367.97
Horz (rel)	raw = -34.19,0.00	coord = 184.18,367.97
	raw = -34.19,0.00	coord = 149.99,367.97
Vert (rel)	raw = 0.00,-71.13	coord = 149.99,296.84
Horz (rel)	raw = -7.08,0.00	coord = 142.91,296.84
Line (rel)	raw = 0.65,81.11	coord = 143.56,377.95
	raw = 41.53,-0.91	coord = 185.09,377.04
	raw = 41.53,-0.91	coord = 226.62,376.13
End polygon at 227.25,296.84

 PATH path4541 FOUND 
SVG scale factor = 1.000000
SVG offset = 0.000000,0.000000
POLYGON  2)
Move (rel)	raw = 83.68,296.84	coord = 83.68,296.84
Horz (rel)	raw = -8.98,0.00	coord = 74.71,296.84
Line (rel)	raw = -0.04,23.85	coord = 74.67,320.70
	raw = -12.16,-23.85	coord = 62.51,296.84
Horz (abs)	raw = 52.42,-23.85	coord = 52.42,-23.85
Line (rel)	raw = 7.26,14.07	coord = 59.67,-9.78
curve (rel)	raw = 18.54,46.46	coord = 78.21,36.68
Line (rel)	raw = 0.04,10.60	coord = 78.26,47.28
Horz (abs)	raw = 42.39,10.60	coord = 42.39,10.60
	raw = 6.52,0.00	coord = 6.52,0.00
Line (rel)	raw = 0.19,-10.60	coord = 6.71,-10.60
curve (rel)	raw = 17.33,-46.46	coord = 24.04,-57.06
Line (rel)	raw = 6.72,-14.07	coord = 30.76,-71.13
Horz (abs)	raw = 22.01,-14.07	coord = 22.01,-14.07
Line (abs)	raw = 6.96,327.22	coord = 6.96,327.22
	raw = 6.89,296.84	coord = 6.89,296.84
Horz (abs)	raw = 0.06,296.84	coord = 0.06,296.84
curve (rel)	raw = 1.09,80.18	coord = 1.15,377.03
	raw = 1.25,1.25	coord = 2.40,378.27
	raw = 21.12,0.14	coord = 23.51,378.41
	raw = 42.74,0.28	coord = 66.25,378.70
Line (rel)	raw = 39.30,0.26	coord = 105.55,378.95
End polygon at 83.68,296.84

 PATH path4543 FOUND 
SVG scale factor = 1.000000
SVG offset = 0.000000,0.000000
POLYGON  3)
Move (rel)	raw = 83.68,296.84	coord = 83.68,296.84
	raw = 0.32,-51.96	coord = 0.32,-51.96
	raw = 0.85,-131.24	coord = 0.85,-131.24
Horz (abs)	raw = 42.43,-131.24	coord = 42.43,-131.24
ERROR

Vert (rel)	raw = 0.00,129.88	coord = 42.43,-1.36
curve (rel)	raw = 0.06,53.32	coord = 42.49,51.96
Horz (abs)	raw = 6.89,53.32	coord = 6.89,53.32
Line (abs)	raw = 6.74,223.69	coord = 6.74,223.69
	raw = 6.52,120.17	coord = 6.52,120.17
Horz (abs)	raw = 40.76,120.17	coord = 40.76,120.17
	raw = 75.00,0.00	coord = 75.00,0.00
Line (rel)	raw = -0.17,100.27	coord = 74.83,100.27
	raw = -0.13,76.41	coord = 74.71,176.68
End polygon at 83.68,296.84

 PATH path4545 FOUND 
SVG scale factor = 1.000000
SVG offset = 0.000000,0.000000
POLYGON  4)
Move (rel)	raw = 62.51,296.84	coord = 62.51,296.84
	raw = -2.50,-4.90	coord = -2.50,-4.90
curve (abs)	raw = 41.43,264.39	coord = 41.43,264.39
	raw = 39.26,265.05	coord = 39.26,265.05
	raw = 30.63,279.46	coord = 30.63,279.46
	raw = 22.23,296.40	coord = 22.23,296.40
Line (rel)	raw = -0.22,0.44	coord = 22.01,296.84
Horz (rel)	raw = 8.75,0.00	coord = 30.76,296.84
Line (rel)	raw = 10.42,-21.80	coord = 41.18,275.05
	raw = 11.24,21.80	coord = 52.42,296.84
End polygon at 62.51,296.84

 PATH path4547 FOUND 
SVG scale factor = 1.000000
SVG offset = 0.000000,0.000000
POLYGON  5)
Move (rel)	raw = 375.42,296.84	coord = 375.42,296.84
Horz (rel)	raw = -6.95,0.00	coord = 368.47,296.84
curve (rel)	raw = -0.02,2.66	coord = 368.46,299.50
Vert (rel)	raw = 0.00,68.47	coord = 368.46,367.97
Horz (abs)	raw = 332.59,68.47	coord = 332.59,68.47
	raw = 296.72,0.00	coord = 296.72,0.00
Vert (rel)	raw = 0.00,-71.13	coord = 296.72,-71.13
Horz (rel)	raw = -6.21,0.00	coord = 290.51,-71.13
Line (rel)	raw = -0.36,81.11	coord = 290.15,9.98
	raw = 41.60,-0.91	coord = 331.75,9.06
	raw = 41.60,-0.91	coord = 373.35,8.15
	raw = 1.63,-62.39	coord = 374.98,-54.24
End polygon at 375.42,296.84

 PATH path4549 FOUND 
SVG scale factor = 1.000000
SVG offset = 0.000000,0.000000
POLYGON  6)
Move (rel)	raw = 375.42,296.84	coord = 375.42,296.84
	raw = 1.19,-45.50	coord = 1.19,-45.50
	raw = 32.60,63.21	coord = 32.60,63.21
	raw = 32.60,63.21	coord = 32.60,63.21
Horz (rel)	raw = 46.47,0.00	coord = 79.07,63.21
curve (rel)	raw = 46.47,-4.72	coord = 125.54,58.49
	raw = 0.00,-2.59	coord = 125.54,55.90
	raw = -19.07,-35.74	coord = 106.47,20.16
	raw = -42.38,-73.65	coord = 64.09,-53.49
Line (rel)	raw = -42.38,-68.94	coord = 21.71,-122.42
	raw = 36.47,-52.70	coord = 58.17,-175.12
curve (rel)	raw = 36.67,-59.22	coord = 94.85,-234.34
	raw = 0.19,-6.08	coord = 95.04,-240.43
	raw = -2.20,-6.59	coord = 92.84,-247.01
	raw = -35.66,-7.47	coord = 57.19,-254.48
	raw = -19.73,-0.52	coord = 37.46,-255.01
	raw = -39.01,-0.17	coord = -1.55,-255.17
	raw = -42.85,0.79	coord = -44.40,-254.38
	raw = -4.61,1.15	coord = -49.01,-253.24
	raw = -17.35,18.01	coord = -66.36,-235.22
	raw = -37.50,49.62	coord = -103.86,-185.60
Line (abs)	raw = 376.61,209.36	coord = 376.61,209.36
	raw = 374.98,105.26	coord = 374.98,105.26
	raw = 373.35,1.15	coord = 373.35,1.15
Horz (rel)	raw = -40.76,0.00	coord = 332.59,1.15
	raw = -40.76,0.00	coord = 291.83,1.15
Line (rel)	raw = -0.84,188.40	coord = 290.99,189.55
	raw = -0.48,107.29	coord = 290.51,296.84
Horz (rel)	raw = 6.21,0.00	coord = 296.72,296.84
Vert (abs)	raw = 6.21,188.53	coord = 6.21,188.53
	raw = 9.08,0.00	coord = 9.08,0.00
Line (rel)	raw = 35.05,0.93	coord = 44.13,0.93
	raw = 35.05,0.93	coord = 79.19,1.85
	raw = 0.86,108.42	coord = 80.04,110.27
curve (rel)	raw = 4.20,108.42	coord = 84.24,218.69
	raw = 2.91,0.00	coord = 87.15,218.69
	raw = 57.32,-80.33	coord = 144.47,138.35
	raw = 67.90,-100.27	coord = 212.37,38.09
	raw = 3.66,-6.89	coord = 216.04,31.19
	raw = 5.96,-7.34	coord = 222.00,23.86
	raw = 38.02,-7.34	coord = 260.01,16.52
	raw = 18.77,0.00	coord = 278.78,16.52
	raw = 34.12,0.91	coord = 312.90,17.43
	raw = 34.12,2.02	coord = 347.03,19.45
	raw = 0.00,1.11	coord = 347.03,20.57
	raw = -16.24,25.48	coord = 330.79,46.05
	raw = -36.08,54.15	coord = 294.71,100.20
	raw = -19.84,28.67	coord = 274.86,128.87
	raw = -35.33,54.07	coord = 239.53,182.95
	raw = -34.42,56.46	coord = 205.11,239.40
	raw = 0.91,2.38	coord = 206.02,241.78
	raw = 19.35,33.06	coord = 225.37,274.84
	raw = 40.97,68.17	coord = 266.35,343.01
	raw = 21.62,35.11	coord = 287.97,378.12
	raw = 39.31,64.56	coord = 327.28,442.68
	raw = 39.31,65.43	coord = 366.59,508.10
	raw = 0.00,0.87	coord = 366.59,508.97
	raw = -16.76,1.58	coord = 349.83,510.56
	raw = -37.24,1.58	coord = 312.59,512.14
Horz (abs)	raw = 447.22,1.58	coord = 447.22,1.58
Line (rel)	raw = -35.29,-68.47	coord = 411.93,-66.89
curve (rel)	raw = -39.38,-68.47	coord = 372.55,-135.37
	raw = -3.09,0.00	coord = 369.46,-135.37
	raw = -4.04,15.56	coord = 365.42,-119.81
	raw = -4.08,65.82	coord = 361.34,-53.99
End polygon at 375.42,296.84


Object origin:
275.539325 383.654504

Eagle Command:
set wire_bend 2;
change layer tNames;
set width 0.000500;
poly (R 0.050459 0.128478) (R -0.028140 0.050062) (R -0.028213 0.018440) (R -0.045332 0.017456) (R -0.062449 0.016470) (R -0.063398 -0.008626) (R -0.064347 -0.033720) (R -0.047095 -0.034710) (R -0.029844 -0.035700) (R -0.028982 -0.142585) (R -0.028775 -0.168360) (R -0.021691 -0.168360) (R -0.164597 -0.133520) (R -0.015648 0.128483) (R -0.033582 0.128483) (R -0.051515 0.128483) (R -0.051515 0.146417) (R -0.069449 0.146417) (R -0.051933 0.146417) (R -0.034420 0.146417) (R -0.032970 0.181591) (R -0.008302 0.248528) (R 0.004269 0.255761) (R 0.059390 0.269320) (R 0.130460 0.279886) (R 0.141597 0.277797) (R 0.152849 0.275510) (R 0.164101 0.256241) (R 0.164101 0.239081) (R 0.150243 0.236008) (R 0.125724 0.187288) (R 0.126603 0.164464) (R 0.143722 0.163477) (R 0.160841 0.162493) (R 0.160841 0.144899) (R 0.178433 0.144899) (R 0.161314 0.143913) (R 0.144194 0.142928) (R 0.143335 0.037772) (R 0.143056 0.003747) (R 0.151355 0.003747) (R 0.151575 0.031251) (R 0.152437 0.138036) (R 0.170462 0.138036) (R 0.188487 0.138036) (R 0.187536 0.163307) (R 0.186583 0.188577) (R 0.169466 0.189563) (R 0.152347 0.190547) (R -0.188801 0.038739) (R -0.167820 0.073530) (R -0.152349 0.073530) (R -0.133736 0.079189) (R -0.116247 0.110687) (R 0.094063 0.127331) (R 0.063086 0.128304) (R 0.050459 0.128478) (R 0.050459 0.128478);
poly (R 0.055573 -0.168360) (R 0.047274 -0.168360) (R 0.046692 -0.239491) (R 0.012500 -0.239491) (R -0.021691 -0.239491) (R -0.021691 -0.168360) (R -0.028775 -0.168360) (R -0.028123 -0.249468) (R 0.013407 -0.248556) (R 0.054934 -0.247643) (R 0.055573 -0.168360);
poly (R -0.088000 -0.168360) (R -0.096976 -0.168360) (R -0.097015 -0.192212) (R -0.109174 -0.168360) (R -0.119265 0.152335) (R -0.112010 0.138265) (R -0.093470 0.091800) (R -0.093426 0.081204) (R -0.129293 0.117888) (R -0.165160 0.128483) (R -0.164970 0.139079) (R -0.147642 0.185544) (R -0.140920 0.199614) (R -0.149672 0.142554) (R -0.164724 -0.198733) (R -0.164789 -0.168360) (R -0.171621 -0.168360) (R -0.170533 -0.248542) (R -0.169285 -0.249790) (R -0.148169 -0.249930) (R -0.105431 -0.250212) (R -0.066126 -0.250468) (R -0.088000 -0.168360);
poly (R -0.088000 -0.168360) (R -0.171365 0.180442) (R -0.170828 0.259724) (R -0.129256 0.259724) (R -0.129256 0.129841) (R -0.129195 0.076524) (R -0.164789 0.075167) (R -0.164941 -0.095208) (R -0.165160 0.008317) (R -0.130924 0.008317) (R -0.096685 0.128483) (R -0.096851 0.028218) (R -0.096976 -0.048194) (R -0.088000 -0.168360);
poly (R -0.109174 -0.168360) (R -0.174179 0.133384) (R -0.130256 -0.135907) (R -0.132416 -0.136568) (R -0.141054 -0.150974) (R -0.149453 -0.167921) (R -0.149672 -0.168360) (R -0.140920 -0.168360) (R -0.130504 -0.146563) (R -0.119265 -0.168360) (R -0.109174 -0.168360);
poly (R 0.203737 -0.168360) (R 0.196789 -0.168360) (R 0.196774 -0.171018) (R 0.196774 -0.239491) (R 0.160907 0.060011) (R 0.125039 0.128483) (R 0.125039 0.199614) (R 0.118826 0.199614) (R 0.118465 0.118505) (R 0.160065 0.119419) (R 0.201664 0.120331) (R 0.203295 0.182724) (R 0.203737 -0.168360);
poly (R 0.203737 -0.168360) (R -0.170494 0.173985) (R -0.139080 0.065276) (R -0.139082 0.065274) (R -0.092611 0.065274) (R -0.046140 0.069991) (R -0.046140 0.072585) (R -0.065212 0.108321) (R -0.107593 0.181971) (R -0.149974 0.250907) (R -0.113507 0.303606) (R -0.076833 0.362827) (R -0.076639 0.368910) (R -0.078838 0.375496) (R -0.114496 0.382967) (R -0.134223 0.383489) (R -0.173231 0.383655) (R -0.216079 0.382865) (R -0.220687 0.381719) (R -0.238041 0.363705) (R -0.275539 0.314082) (R 0.204924 -0.080880) (R 0.203295 0.023226) (R 0.201664 0.127331) (R 0.160907 0.127331) (R 0.120147 0.127331) (R 0.119305 -0.061069) (R 0.118826 -0.168360) (R 0.125039 -0.168360) (R -0.165468 -0.060046) (R -0.162599 0.128483) (R -0.127549 0.127558) (R -0.092496 0.126632) (R -0.091636 0.018216) (R -0.087441 -0.090202) (R -0.084529 -0.090202) (R -0.027211 -0.009867) (R 0.040693 0.090398) (R 0.044354 0.097291) (R 0.050314 0.104627) (R 0.088332 0.111963) (R 0.107099 0.111963) (R 0.141222 0.111053) (R 0.175345 0.109029) (R 0.175345 0.107916) (R 0.159108 0.082433) (R 0.123026 0.028281) (R 0.103181 -0.000389) (R 0.067848 -0.054463) (R 0.033428 -0.110919) (R 0.034341 -0.113299) (R 0.053692 -0.146355) (R 0.094665 -0.214525) (R 0.116286 -0.249639) (R 0.155597 -0.314194) (R 0.194908 -0.379620) (R 0.194908 -0.380490) (R 0.178149 -0.382072) (R 0.140906 -0.383655) (R 0.275539 0.126901) (R 0.240252 0.195374) (R 0.200867 0.263849) (R 0.197775 0.263849) (R 0.193734 0.248290) (R 0.189656 0.182474) (R 0.203737 -0.168360);

